[10:46:06.672] Global cache location '/home/normie/.cache/typescript/4.1', safe file path '/home/normie/Projects/hooli/reviews-proxy/node_modules/typescript/lib/typingSafeList.json', types map path /home/normie/Projects/hooli/reviews-proxy/node_modules/typescript/lib/typesMap.json
[10:46:06.673] Processing cache location '/home/normie/.cache/typescript/4.1'
[10:46:06.673] Trying to find '/home/normie/.cache/typescript/4.1/package.json'...
[10:46:06.723] Loaded content of '/home/normie/.cache/typescript/4.1/package.json': {"private":true,"dependencies":{"types-registry":"^0.1.525"},"devDependencies":{"@types/abbrev":"^1.1.1","@types/accepts":"^1.3.5","@types/angular":"^1.8.0","@types/ansi-styles":"^3.2.1","@types/aria-query":"^4.2.1","@types/arr-diff":"^4.0.0","@types/arr-union":"^3.1.0","@types/array-unique":"^0.3.0","@types/asn1":"^0.2.0","@types/assert-plus":"^1.0.4","@types/async":"^3.2.5","@types/atob":"^2.1.2","@types/aws4":"^1.5.1","@types/babel-core":"^6.25.6","@types/babel__core":"^7.1.12","@types/babel__plugin-transform-runtime":"^7.9.1","@types/babel__preset-env":"^7.9.1","@types/babylon":"^6.16.5","@types/balanced-match":"^1.0.1","@types/basic-auth":"^1.1.3","@types/big.js":"^6.0.2","@types/bindings":"^1.5.0","@types/bl":"^2.1.0","@types/bluebird":"^3.5.33","@types/body-parser":"^1.19.0","@types/bootstrap":"^5.0.1","@types/brace-expansion":"^1.1.0","@types/bser":"^2.0.0","@types/bson":"^4.0.3","@types/buffer-from":"^1.1.0","@types/bytes":"^3.1.0","@types/call-bind":"^1.0.0","@types/caniuse-lite":"^1.0.0","@types/caseless":"^0.12.2","@types/chai":"^4.2.14","@types/ci-info":"^2.0.0","@types/co":"^4.6.2","@types/color-convert":"^2.0.0","@types/color-name":"^1.1.1","@types/combined-stream":"^1.0.2","@types/commondir":"^1.0.0","@types/component-emitter":"^1.2.10","@types/concat-map":"0.0.0","@types/concat-stream":"^1.6.0","@types/config":"0.0.37","@types/confusing-browser-globals":"^1.0.0","@types/contains-path":"^1.0.0","@types/content-type":"^1.1.3","@types/cookie":"^0.4.0","@types/cookie-parser":"^1.4.2","@types/cookie-signature":"^1.0.3","@types/cookies":"^0.7.6","@types/core-js":"^2.5.4","@types/cors":"^2.8.9","@types/cssesc":"^3.0.0","@types/cssom":"^0.4.1","@types/cssstyle":"^2.2.1","@types/d":"^1.0.0","@types/dashdash":"^1.14.0","@types/debug":"^4.1.5","@types/decode-uri-component":"^0.2.0","@types/deep-extend":"^0.4.31","@types/depd":"^1.1.32","@types/destroy":"^1.0.0","@types/di":"0.0.1","@types/doctrine":"0.0.3","@types/domexception":"^2.0.1","@types/duplexer3":"^0.1.0","@types/ee-first":"^1.1.0","@types/encodeurl":"^1.0.0","@types/end-of-stream":"^1.4.0","@types/es-module-lexer":"^0.3.0","@types/es-to-primitive":"^1.2.4","@types/escape-html":"^1.0.0","@types/escodegen":"0.0.6","@types/eslint":"^7.2.6","@types/eslint-scope":"^3.7.0","@types/eslint-visitor-keys":"^1.0.0","@types/esprima":"^4.0.2","@types/esquery":"^1.0.1","@types/estraverse":"^5.1.0","@types/etag":"^1.8.0","@types/events":"^3.0.0","@types/exit":"^0.1.31","@types/express":"^4.17.11","@types/extend":"^3.0.1","@types/extsprintf":"^1.4.1","@types/faker":"^5.1.5","@types/fast-levenshtein":"0.0.1","@types/follow-redirects":"^1.13.0","@types/forever-agent":"^0.6.0","@types/forwarded":"^0.1.0","@types/fresh":"^0.5.0","@types/fs-readdir-recursive":"^1.0.0","@types/function-bind":"^1.1.6","@types/get-caller-file":"^1.0.0","@types/get-intrinsic":"^1.0.0","@types/get-value":"^3.0.1","@types/getpass":"^0.1.0","@types/glob-base":"^0.3.0","@types/glob-parent":"^5.1.0","@types/glob-to-regexp":"^0.4.0","@types/graceful-fs":"^4.1.4","@types/has":"^1.0.0","@types/has-ansi":"^3.0.0","@types/has-symbols":"^1.0.0","@types/hosted-git-info":"^3.0.1","@types/html-escaper":"^3.0.0","@types/http-cache-semantics":"^4.0.0","@types/http-errors":"^1.8.0","@types/icss-utils":"^4.1.0","@types/imurmurhash":"^0.1.1","@types/inflection":"^1.5.28","@types/inherits":"0.0.30","@types/ini":"^1.3.30","@types/interpret":"^1.1.1","@types/invariant":"^2.2.34","@types/is-buffer":"^2.0.0","@types/is-callable":"^1.1.0","@types/is-ci":"^2.0.0","@types/is-core-module":"^2.2.0","@types/is-date-object":"^1.0.1","@types/is-dotfile":"^2.0.0","@types/is-finite":"^1.0.0","@types/is-glob":"^4.0.1","@types/is-number":"^7.0.1","@types/is-regex":"^1.0.0","@types/is-typedarray":"^1.0.0","@types/is-windows":"^1.0.0","@types/isarray":"^2.0.0","@types/isexe":"^2.0.0","@types/isomorphic-fetch":"0.0.35","@types/isstream":"^0.1.0","@types/istanbul-lib-coverage":"^2.0.3","@types/istanbul-lib-instrument":"^1.7.4","@types/istanbul-lib-report":"^3.0.0","@types/istanbul-lib-source-maps":"^4.0.1","@types/istanbul-reports":"^3.0.0","@types/jasmine":"^3.6.3","@types/jest":"^26.0.20","@types/jquery":"^3.5.5","@types/jsbn":"^1.2.29","@types/jsesc":"^2.5.1","@types/json-buffer":"^3.0.0","@types/json-parse-better-errors":"^1.0.0","@types/json-schema":"^7.0.6","@types/json-stringify-safe":"^5.0.0","@types/json5":"0.0.30","@types/keyv":"^3.1.1","@types/kind-of":"^6.0.0","@types/klaw":"^3.0.1","@types/language-tags":"^1.0.0","@types/live-server":"^1.2.0","@types/loader-runner":"^2.2.3","@types/lodash":"^4.14.168","@types/lodash.get":"^4.4.6","@types/lodash.sortby":"^4.7.6","@types/marked":"^1.2.1","@types/math-random":"^1.0.0","@types/mdurl":"^1.0.2","@types/media-typer":"^1.1.0","@types/memory-pager":"^1.4.0","@types/merge-descriptors":"^1.0.1","@types/merge-stream":"^1.1.2","@types/merge2":"^1.3.0","@types/mkdirp":"^1.0.1","@types/mocha":"^8.2.0","@types/mongodb":"^3.6.3","@types/mongoose":"^5.10.3","@types/moo":"^0.5.3","@types/morgan":"^1.9.2","@types/mpromise":"^0.5.30","@types/ms":"^0.7.31","@types/multer":"^1.4.5","@types/mysql":"^2.15.17","@types/node":"^14.14.22","@types/nodemon":"^1.19.0","@types/object-assign":"^4.0.30","@types/on-finished":"^2.3.1","@types/on-headers":"^1.0.0","@types/prettier":"^2.1.6","@types/prop-types":"^15.7.3","@types/q":"^1.5.4","@types/qs":"^6.9.5","@types/react":"^17.0.0","@types/react-dom":"^17.0.0","@types/react-is":"^17.0.0","@types/readable-stream":"^2.3.9","@types/regenerator-runtime":"^0.13.0","@types/request":"^2.48.5","@types/resolve":"^1.17.1","@types/sass":"^1.16.0","@types/sass-loader":"^8.0.0","@types/scheduler":"^0.16.1","@types/secp256k1":"^4.0.1","@types/sequelize":"^4.28.9","@types/serve-static":"^1.13.8","@types/sprintf":"^0.1.0","@types/sprintf-js":"^1.1.2","@types/sqlite3":"^3.1.6","@types/type-is":"^1.6.3","@types/ua-parser-js":"^0.7.35","@types/underscore":"^1.10.24","@types/webpack":"^4.41.25","@types/ws":"^7.4.0"}}
[10:46:06.723] Loaded content of '/home/normie/.cache/typescript/4.1/package-lock.json'
[10:46:06.778] Adding entry into typings cache: 'abbrev' => '/home/normie/.cache/typescript/4.1/node_modules/@types/abbrev/index.d.ts'
[10:46:06.814] Adding entry into typings cache: 'accepts' => '/home/normie/.cache/typescript/4.1/node_modules/@types/accepts/index.d.ts'
[10:46:06.879] Adding entry into typings cache: 'angular' => '/home/normie/.cache/typescript/4.1/node_modules/@types/angular/index.d.ts'
[10:46:06.912] Adding entry into typings cache: 'ansi-styles' => '/home/normie/.cache/typescript/4.1/node_modules/ansi-styles/index.d.ts'
[10:46:06.951] Adding entry into typings cache: 'aria-query' => '/home/normie/.cache/typescript/4.1/node_modules/@types/aria-query/index.d.ts'
[10:46:06.994] Adding entry into typings cache: 'arr-diff' => '/home/normie/.cache/typescript/4.1/node_modules/@types/arr-diff/index.d.ts'
[10:46:07.003] Adding entry into typings cache: 'arr-union' => '/home/normie/.cache/typescript/4.1/node_modules/@types/arr-union/index.d.ts'
[10:46:07.037] Adding entry into typings cache: 'array-unique' => '/home/normie/.cache/typescript/4.1/node_modules/@types/array-unique/index.d.ts'
[10:46:07.047] Adding entry into typings cache: 'asn1' => '/home/normie/.cache/typescript/4.1/node_modules/@types/asn1/index.d.ts'
[10:46:07.058] Adding entry into typings cache: 'assert-plus' => '/home/normie/.cache/typescript/4.1/node_modules/@types/assert-plus/index.d.ts'
[10:46:07.122] Adding entry into typings cache: 'async' => '/home/normie/.cache/typescript/4.1/node_modules/@types/async/index.d.ts'
[10:46:07.184] Adding entry into typings cache: 'atob' => '/home/normie/.cache/typescript/4.1/node_modules/@types/atob/index.d.ts'
[10:46:07.217] Adding entry into typings cache: 'aws4' => '/home/normie/.cache/typescript/4.1/node_modules/@types/aws4/index.d.ts'
[10:46:07.256] Adding entry into typings cache: 'babel-core' => '/home/normie/.cache/typescript/4.1/node_modules/@types/babel-core/index.d.ts'
[10:46:07.306] Adding entry into typings cache: 'babel__core' => '/home/normie/.cache/typescript/4.1/node_modules/@types/babel__core/index.d.ts'
[10:46:07.378] Adding entry into typings cache: 'babel__plugin-transform-runtime' => '/home/normie/.cache/typescript/4.1/node_modules/@types/babel__plugin-transform-runtime/index.d.ts'
[10:46:07.386] Adding entry into typings cache: 'babel__preset-env' => '/home/normie/.cache/typescript/4.1/node_modules/@types/babel__preset-env/index.d.ts'
[10:46:07.417] Adding entry into typings cache: 'babylon' => '/home/normie/.cache/typescript/4.1/node_modules/@types/babylon/index.d.ts'
[10:46:07.454] Adding entry into typings cache: 'balanced-match' => '/home/normie/.cache/typescript/4.1/node_modules/@types/balanced-match/index.d.ts'
[10:46:07.484] Adding entry into typings cache: 'basic-auth' => '/home/normie/.cache/typescript/4.1/node_modules/@types/basic-auth/index.d.ts'
[10:46:07.524] Adding entry into typings cache: 'big.js' => '/home/normie/.cache/typescript/4.1/node_modules/@types/big.js/index.d.ts'
[10:46:07.614] Adding entry into typings cache: 'bindings' => '/home/normie/.cache/typescript/4.1/node_modules/@types/bindings/index.d.ts'
[10:46:07.657] Adding entry into typings cache: 'bl' => '/home/normie/.cache/typescript/4.1/node_modules/@types/bl/index.d.ts'
[10:46:07.692] Adding entry into typings cache: 'bluebird' => '/home/normie/.cache/typescript/4.1/node_modules/@types/bluebird/index.d.ts'
[10:46:07.699] Adding entry into typings cache: 'body-parser' => '/home/normie/.cache/typescript/4.1/node_modules/@types/body-parser/index.d.ts'
[10:46:07.755] Adding entry into typings cache: 'bootstrap' => '/home/normie/.cache/typescript/4.1/node_modules/@types/bootstrap/index.d.ts'
[10:46:07.785] Adding entry into typings cache: 'brace-expansion' => '/home/normie/.cache/typescript/4.1/node_modules/@types/brace-expansion/index.d.ts'
[10:46:07.830] Adding entry into typings cache: 'bser' => '/home/normie/.cache/typescript/4.1/node_modules/@types/bser/index.d.ts'
[10:46:07.871] Adding entry into typings cache: 'bson' => '/home/normie/.cache/typescript/4.1/node_modules/@types/bson/index.d.ts'
[10:46:07.944] Adding entry into typings cache: 'buffer-from' => '/home/normie/.cache/typescript/4.1/node_modules/@types/buffer-from/index.d.ts'
[10:46:07.984] Adding entry into typings cache: 'bytes' => '/home/normie/.cache/typescript/4.1/node_modules/@types/bytes/index.d.ts'
[10:46:08.153] Adding entry into typings cache: 'call-bind' => '/home/normie/.cache/typescript/4.1/node_modules/@types/call-bind/index.d.ts'
[10:46:08.184] Adding entry into typings cache: 'caniuse-lite' => '/home/normie/.cache/typescript/4.1/node_modules/@types/caniuse-lite/index.d.ts'
[10:46:08.209] Adding entry into typings cache: 'caseless' => '/home/normie/.cache/typescript/4.1/node_modules/@types/caseless/index.d.ts'
[10:46:08.317] Adding entry into typings cache: 'chai' => '/home/normie/.cache/typescript/4.1/node_modules/@types/chai/index.d.ts'
[10:46:08.336] Adding entry into typings cache: 'ci-info' => '/home/normie/.cache/typescript/4.1/node_modules/@types/ci-info/index.d.ts'
[10:46:08.365] Adding entry into typings cache: 'co' => '/home/normie/.cache/typescript/4.1/node_modules/@types/co/index.d.ts'
[10:46:08.484] Adding entry into typings cache: 'color-convert' => '/home/normie/.cache/typescript/4.1/node_modules/@types/color-convert/index.d.ts'
[10:46:08.612] Adding entry into typings cache: 'color-name' => '/home/normie/.cache/typescript/4.1/node_modules/@types/color-name/index.d.ts'
[10:46:08.721] Adding entry into typings cache: 'combined-stream' => '/home/normie/.cache/typescript/4.1/node_modules/@types/combined-stream/index.d.ts'
[10:46:08.745] Adding entry into typings cache: 'commondir' => '/home/normie/.cache/typescript/4.1/node_modules/@types/commondir/index.d.ts'
[10:46:08.753] Adding entry into typings cache: 'component-emitter' => '/home/normie/.cache/typescript/4.1/node_modules/@types/component-emitter/index.d.ts'
[10:46:08.792] Adding entry into typings cache: 'concat-map' => '/home/normie/.cache/typescript/4.1/node_modules/@types/concat-map/index.d.ts'
[10:46:08.881] Adding entry into typings cache: 'concat-stream' => '/home/normie/.cache/typescript/4.1/node_modules/@types/concat-stream/index.d.ts'
[10:46:08.919] Adding entry into typings cache: 'config' => '/home/normie/.cache/typescript/4.1/node_modules/@types/config/index.d.ts'
[10:46:09.009] Adding entry into typings cache: 'confusing-browser-globals' => '/home/normie/.cache/typescript/4.1/node_modules/@types/confusing-browser-globals/index.d.ts'
[10:46:09.050] Adding entry into typings cache: 'contains-path' => '/home/normie/.cache/typescript/4.1/node_modules/@types/contains-path/index.d.ts'
[10:46:09.052] Adding entry into typings cache: 'content-type' => '/home/normie/.cache/typescript/4.1/node_modules/@types/content-type/index.d.ts'
[10:46:09.176] Adding entry into typings cache: 'cookie' => '/home/normie/.cache/typescript/4.1/node_modules/@types/cookie/index.d.ts'
[10:46:09.177] Adding entry into typings cache: 'cookie-parser' => '/home/normie/.cache/typescript/4.1/node_modules/@types/cookie-parser/index.d.ts'
[10:46:09.215] Adding entry into typings cache: 'cookie-signature' => '/home/normie/.cache/typescript/4.1/node_modules/@types/cookie-signature/index.d.ts'
[10:46:09.296] Adding entry into typings cache: 'cookies' => '/home/normie/.cache/typescript/4.1/node_modules/@types/cookies/index.d.ts'
[10:46:09.332] Adding entry into typings cache: 'core-js' => '/home/normie/.cache/typescript/4.1/node_modules/@types/core-js/index.d.ts'
[10:46:09.336] Adding entry into typings cache: 'cors' => '/home/normie/.cache/typescript/4.1/node_modules/@types/cors/index.d.ts'
[10:46:09.342] Adding entry into typings cache: 'cssesc' => '/home/normie/.cache/typescript/4.1/node_modules/@types/cssesc/index.d.ts'
[10:46:09.348] Adding entry into typings cache: 'cssom' => '/home/normie/.cache/typescript/4.1/node_modules/@types/cssom/index.d.ts'
[10:46:09.360] Adding entry into typings cache: 'cssstyle' => '/home/normie/.cache/typescript/4.1/node_modules/@types/cssstyle/index.d.ts'
[10:46:09.432] Adding entry into typings cache: 'd' => '/home/normie/.cache/typescript/4.1/node_modules/@types/d/index.d.ts'
[10:46:09.437] Adding entry into typings cache: 'dashdash' => '/home/normie/.cache/typescript/4.1/node_modules/@types/dashdash/index.d.ts'
[10:46:09.442] Adding entry into typings cache: 'debug' => '/home/normie/.cache/typescript/4.1/node_modules/@types/debug/index.d.ts'
[10:46:09.447] Adding entry into typings cache: 'decode-uri-component' => '/home/normie/.cache/typescript/4.1/node_modules/@types/decode-uri-component/index.d.ts'
[10:46:09.489] Adding entry into typings cache: 'deep-extend' => '/home/normie/.cache/typescript/4.1/node_modules/@types/deep-extend/index.d.ts'
[10:46:09.494] Adding entry into typings cache: 'depd' => '/home/normie/.cache/typescript/4.1/node_modules/@types/depd/index.d.ts'
[10:46:09.541] Adding entry into typings cache: 'destroy' => '/home/normie/.cache/typescript/4.1/node_modules/@types/destroy/index.d.ts'
[10:46:09.546] Adding entry into typings cache: 'di' => '/home/normie/.cache/typescript/4.1/node_modules/@types/di/index.d.ts'
[10:46:09.588] Adding entry into typings cache: 'doctrine' => '/home/normie/.cache/typescript/4.1/node_modules/@types/doctrine/index.d.ts'
[10:46:09.631] Adding entry into typings cache: 'domexception' => '/home/normie/.cache/typescript/4.1/node_modules/@types/domexception/index.d.ts'
[10:46:09.633] Adding entry into typings cache: 'duplexer3' => '/home/normie/.cache/typescript/4.1/node_modules/@types/duplexer3/index.d.ts'
[10:46:09.635] Adding entry into typings cache: 'ee-first' => '/home/normie/.cache/typescript/4.1/node_modules/@types/ee-first/index.d.ts'
[10:46:09.684] Adding entry into typings cache: 'encodeurl' => '/home/normie/.cache/typescript/4.1/node_modules/@types/encodeurl/index.d.ts'
[10:46:09.715] Adding entry into typings cache: 'end-of-stream' => '/home/normie/.cache/typescript/4.1/node_modules/@types/end-of-stream/index.d.ts'
[10:46:09.737] Adding entry into typings cache: 'es-module-lexer' => '/home/normie/.cache/typescript/4.1/node_modules/@types/es-module-lexer/index.d.ts'
[10:46:09.782] Adding entry into typings cache: 'es-to-primitive' => '/home/normie/.cache/typescript/4.1/node_modules/@types/es-to-primitive/index.d.ts'
[10:46:09.825] Adding entry into typings cache: 'escape-html' => '/home/normie/.cache/typescript/4.1/node_modules/@types/escape-html/index.d.ts'
[10:46:09.856] Adding entry into typings cache: 'escodegen' => '/home/normie/.cache/typescript/4.1/node_modules/@types/escodegen/index.d.ts'
[10:46:09.924] Adding entry into typings cache: 'eslint' => '/home/normie/.cache/typescript/4.1/node_modules/@types/eslint/index.d.ts'
[10:46:09.994] Adding entry into typings cache: 'eslint-scope' => '/home/normie/.cache/typescript/4.1/node_modules/@types/eslint-scope/index.d.ts'
[10:46:10.067] Adding entry into typings cache: 'eslint-visitor-keys' => '/home/normie/.cache/typescript/4.1/node_modules/@types/eslint-visitor-keys/index.d.ts'
[10:46:10.092] Adding entry into typings cache: 'esprima' => '/home/normie/.cache/typescript/4.1/node_modules/@types/esprima/index.d.ts'
[10:46:10.147] Adding entry into typings cache: 'esquery' => '/home/normie/.cache/typescript/4.1/node_modules/@types/esquery/index.d.ts'
[10:46:10.155] Adding entry into typings cache: 'estraverse' => '/home/normie/.cache/typescript/4.1/node_modules/@types/estraverse/index.d.ts'
[10:46:10.206] Adding entry into typings cache: 'etag' => '/home/normie/.cache/typescript/4.1/node_modules/@types/etag/index.d.ts'
[10:46:10.240] Adding entry into typings cache: 'events' => '/home/normie/.cache/typescript/4.1/node_modules/@types/events/index.d.ts'
[10:46:10.244] Adding entry into typings cache: 'exit' => '/home/normie/.cache/typescript/4.1/node_modules/@types/exit/index.d.ts'
[10:46:10.248] Adding entry into typings cache: 'express' => '/home/normie/.cache/typescript/4.1/node_modules/@types/express/index.d.ts'
[10:46:10.252] Adding entry into typings cache: 'extend' => '/home/normie/.cache/typescript/4.1/node_modules/@types/extend/index.d.ts'
[10:46:10.255] Adding entry into typings cache: 'extsprintf' => '/home/normie/.cache/typescript/4.1/node_modules/@types/extsprintf/index.d.ts'
[10:46:10.320] Adding entry into typings cache: 'faker' => '/home/normie/.cache/typescript/4.1/node_modules/@types/faker/index.d.ts'
[10:46:10.323] Adding entry into typings cache: 'fast-levenshtein' => '/home/normie/.cache/typescript/4.1/node_modules/@types/fast-levenshtein/index.d.ts'
[10:46:10.450] Adding entry into typings cache: 'follow-redirects' => '/home/normie/.cache/typescript/4.1/node_modules/@types/follow-redirects/index.d.ts'
[10:46:10.473] Adding entry into typings cache: 'forever-agent' => '/home/normie/.cache/typescript/4.1/node_modules/@types/forever-agent/index.d.ts'
[10:46:10.509] Adding entry into typings cache: 'forwarded' => '/home/normie/.cache/typescript/4.1/node_modules/@types/forwarded/index.d.ts'
[10:46:10.551] Adding entry into typings cache: 'fresh' => '/home/normie/.cache/typescript/4.1/node_modules/@types/fresh/index.d.ts'
[10:46:10.589] Adding entry into typings cache: 'fs-readdir-recursive' => '/home/normie/.cache/typescript/4.1/node_modules/@types/fs-readdir-recursive/index.d.ts'
[10:46:10.633] Adding entry into typings cache: 'function-bind' => '/home/normie/.cache/typescript/4.1/node_modules/@types/function-bind/index.d.ts'
[10:46:10.636] Adding entry into typings cache: 'get-caller-file' => '/home/normie/.cache/typescript/4.1/node_modules/@types/get-caller-file/index.d.ts'
[10:46:10.674] Adding entry into typings cache: 'get-intrinsic' => '/home/normie/.cache/typescript/4.1/node_modules/@types/get-intrinsic/index.d.ts'
[10:46:10.678] Adding entry into typings cache: 'get-value' => '/home/normie/.cache/typescript/4.1/node_modules/@types/get-value/index.d.ts'
[10:46:10.684] Adding entry into typings cache: 'getpass' => '/home/normie/.cache/typescript/4.1/node_modules/@types/getpass/index.d.ts'
[10:46:10.714] Adding entry into typings cache: 'glob-base' => '/home/normie/.cache/typescript/4.1/node_modules/@types/glob-base/index.d.ts'
[10:46:10.757] Adding entry into typings cache: 'glob-parent' => '/home/normie/.cache/typescript/4.1/node_modules/@types/glob-parent/index.d.ts'
[10:46:10.777] Adding entry into typings cache: 'glob-to-regexp' => '/home/normie/.cache/typescript/4.1/node_modules/@types/glob-to-regexp/index.d.ts'
[10:46:10.791] Adding entry into typings cache: 'graceful-fs' => '/home/normie/.cache/typescript/4.1/node_modules/@types/graceful-fs/index.d.ts'
[10:46:10.806] Adding entry into typings cache: 'has' => '/home/normie/.cache/typescript/4.1/node_modules/@types/has/index.d.ts'
[10:46:10.808] Adding entry into typings cache: 'has-ansi' => '/home/normie/.cache/typescript/4.1/node_modules/@types/has-ansi/index.d.ts'
[10:46:10.852] Adding entry into typings cache: 'has-symbols' => '/home/normie/.cache/typescript/4.1/node_modules/@types/has-symbols/index.d.ts'
[10:46:10.899] Adding entry into typings cache: 'hosted-git-info' => '/home/normie/.cache/typescript/4.1/node_modules/@types/hosted-git-info/index.d.ts'
[10:46:10.902] Adding entry into typings cache: 'html-escaper' => '/home/normie/.cache/typescript/4.1/node_modules/@types/html-escaper/index.d.ts'
[10:46:10.938] Adding entry into typings cache: 'http-cache-semantics' => '/home/normie/.cache/typescript/4.1/node_modules/@types/http-cache-semantics/index.d.ts'
[10:46:10.964] Adding entry into typings cache: 'http-errors' => '/home/normie/.cache/typescript/4.1/node_modules/@types/http-errors/index.d.ts'
[10:46:11.012] Adding entry into typings cache: 'icss-utils' => '/home/normie/.cache/typescript/4.1/node_modules/@types/icss-utils/index.d.ts'
[10:46:11.049] Adding entry into typings cache: 'imurmurhash' => '/home/normie/.cache/typescript/4.1/node_modules/@types/imurmurhash/index.d.ts'
[10:46:11.087] Adding entry into typings cache: 'inflection' => '/home/normie/.cache/typescript/4.1/node_modules/@types/inflection/index.d.ts'
[10:46:11.155] Adding entry into typings cache: 'inherits' => '/home/normie/.cache/typescript/4.1/node_modules/@types/inherits/index.d.ts'
[10:46:11.197] Adding entry into typings cache: 'ini' => '/home/normie/.cache/typescript/4.1/node_modules/@types/ini/index.d.ts'
[10:46:11.273] Adding entry into typings cache: 'interpret' => '/home/normie/.cache/typescript/4.1/node_modules/@types/interpret/index.d.ts'
[10:46:11.317] Adding entry into typings cache: 'invariant' => '/home/normie/.cache/typescript/4.1/node_modules/@types/invariant/index.d.ts'
[10:46:11.320] Adding entry into typings cache: 'is-buffer' => '/home/normie/.cache/typescript/4.1/node_modules/@types/is-buffer/index.d.ts'
[10:46:11.381] Adding entry into typings cache: 'is-callable' => '/home/normie/.cache/typescript/4.1/node_modules/@types/is-callable/index.d.ts'
[10:46:11.383] Adding entry into typings cache: 'is-ci' => '/home/normie/.cache/typescript/4.1/node_modules/@types/is-ci/index.d.ts'
[10:46:11.416] Adding entry into typings cache: 'is-core-module' => '/home/normie/.cache/typescript/4.1/node_modules/@types/is-core-module/index.d.ts'
[10:46:11.456] Adding entry into typings cache: 'is-date-object' => '/home/normie/.cache/typescript/4.1/node_modules/@types/is-date-object/index.d.ts'
[10:46:11.496] Adding entry into typings cache: 'is-dotfile' => '/home/normie/.cache/typescript/4.1/node_modules/@types/is-dotfile/index.d.ts'
[10:46:11.568] Adding entry into typings cache: 'is-finite' => '/home/normie/.cache/typescript/4.1/node_modules/@types/is-finite/index.d.ts'
[10:46:11.601] Adding entry into typings cache: 'is-glob' => '/home/normie/.cache/typescript/4.1/node_modules/@types/is-glob/index.d.ts'
[10:46:11.603] Adding entry into typings cache: 'is-number' => '/home/normie/.cache/typescript/4.1/node_modules/@types/is-number/index.d.ts'
[10:46:11.640] Adding entry into typings cache: 'is-regex' => '/home/normie/.cache/typescript/4.1/node_modules/@types/is-regex/index.d.ts'
[10:46:11.645] Adding entry into typings cache: 'is-typedarray' => '/home/normie/.cache/typescript/4.1/node_modules/@types/is-typedarray/index.d.ts'
[10:46:11.649] Adding entry into typings cache: 'is-windows' => '/home/normie/.cache/typescript/4.1/node_modules/@types/is-windows/index.d.ts'
[10:46:11.693] Adding entry into typings cache: 'isarray' => '/home/normie/.cache/typescript/4.1/node_modules/@types/isarray/index.d.ts'
[10:46:11.741] Adding entry into typings cache: 'isexe' => '/home/normie/.cache/typescript/4.1/node_modules/@types/isexe/index.d.ts'
[10:46:11.789] Adding entry into typings cache: 'isomorphic-fetch' => '/home/normie/.cache/typescript/4.1/node_modules/@types/isomorphic-fetch/index.d.ts'
[10:46:11.793] Adding entry into typings cache: 'isstream' => '/home/normie/.cache/typescript/4.1/node_modules/@types/isstream/index.d.ts'
[10:46:11.815] Adding entry into typings cache: 'istanbul-lib-coverage' => '/home/normie/.cache/typescript/4.1/node_modules/@types/istanbul-lib-coverage/index.d.ts'
[10:46:11.818] Adding entry into typings cache: 'istanbul-lib-instrument' => '/home/normie/.cache/typescript/4.1/node_modules/@types/istanbul-lib-instrument/index.d.ts'
[10:46:11.829] Adding entry into typings cache: 'istanbul-lib-report' => '/home/normie/.cache/typescript/4.1/node_modules/@types/istanbul-lib-report/index.d.ts'
[10:46:11.834] Adding entry into typings cache: 'istanbul-lib-source-maps' => '/home/normie/.cache/typescript/4.1/node_modules/@types/istanbul-lib-source-maps/index.d.ts'
[10:46:11.837] Adding entry into typings cache: 'istanbul-reports' => '/home/normie/.cache/typescript/4.1/node_modules/@types/istanbul-reports/index.d.ts'
[10:46:11.869] Adding entry into typings cache: 'jasmine' => '/home/normie/.cache/typescript/4.1/node_modules/@types/jasmine/index.d.ts'
[10:46:11.909] Adding entry into typings cache: 'jest' => '/home/normie/.cache/typescript/4.1/node_modules/@types/jest/index.d.ts'
[10:46:11.998] Adding entry into typings cache: 'jquery' => '/home/normie/.cache/typescript/4.1/node_modules/@types/jquery/index.d.ts'
[10:46:12.054] Adding entry into typings cache: 'jsbn' => '/home/normie/.cache/typescript/4.1/node_modules/@types/jsbn/index.d.ts'
[10:46:12.069] Adding entry into typings cache: 'jsesc' => '/home/normie/.cache/typescript/4.1/node_modules/@types/jsesc/index.d.ts'
[10:46:12.106] Adding entry into typings cache: 'json-buffer' => '/home/normie/.cache/typescript/4.1/node_modules/@types/json-buffer/index.d.ts'
[10:46:12.144] Adding entry into typings cache: 'json-parse-better-errors' => '/home/normie/.cache/typescript/4.1/node_modules/@types/json-parse-better-errors/index.d.ts'
[10:46:12.201] Adding entry into typings cache: 'json-schema' => '/home/normie/.cache/typescript/4.1/node_modules/@types/json-schema/index.d.ts'
[10:46:12.251] Adding entry into typings cache: 'json-stringify-safe' => '/home/normie/.cache/typescript/4.1/node_modules/@types/json-stringify-safe/index.d.ts'
[10:46:12.284] Adding entry into typings cache: 'json5' => '/home/normie/.cache/typescript/4.1/node_modules/@types/json5/index.d.ts'
[10:46:12.427] Adding entry into typings cache: 'keyv' => '/home/normie/.cache/typescript/4.1/node_modules/@types/keyv/index.d.ts'
[10:46:12.485] Adding entry into typings cache: 'kind-of' => '/home/normie/.cache/typescript/4.1/node_modules/@types/kind-of/index.d.ts'
[10:46:12.531] Adding entry into typings cache: 'klaw' => '/home/normie/.cache/typescript/4.1/node_modules/@types/klaw/index.d.ts'
[10:46:12.567] Adding entry into typings cache: 'language-tags' => '/home/normie/.cache/typescript/4.1/node_modules/@types/language-tags/index.d.ts'
[10:46:12.603] Adding entry into typings cache: 'live-server' => '/home/normie/.cache/typescript/4.1/node_modules/@types/live-server/index.d.ts'
[10:46:12.654] Adding entry into typings cache: 'loader-runner' => '/home/normie/.cache/typescript/4.1/node_modules/@types/loader-runner/index.d.ts'
[10:46:12.892] Adding entry into typings cache: 'lodash' => '/home/normie/.cache/typescript/4.1/node_modules/@types/lodash/index.d.ts'
[10:46:12.962] Adding entry into typings cache: 'lodash.get' => '/home/normie/.cache/typescript/4.1/node_modules/@types/lodash.get/index.d.ts'
[10:46:13.041] Adding entry into typings cache: 'lodash.sortby' => '/home/normie/.cache/typescript/4.1/node_modules/@types/lodash.sortby/index.d.ts'
[10:46:13.082] Adding entry into typings cache: 'marked' => '/home/normie/.cache/typescript/4.1/node_modules/@types/marked/index.d.ts'
[10:46:13.158] Adding entry into typings cache: 'math-random' => '/home/normie/.cache/typescript/4.1/node_modules/@types/math-random/index.d.ts'
[10:46:13.297] Adding entry into typings cache: 'mdurl' => '/home/normie/.cache/typescript/4.1/node_modules/@types/mdurl/index.d.ts'
[10:46:13.335] Adding entry into typings cache: 'media-typer' => '/home/normie/.cache/typescript/4.1/node_modules/@types/media-typer/index.d.ts'
[10:46:13.403] Adding entry into typings cache: 'memory-pager' => '/home/normie/.cache/typescript/4.1/node_modules/@types/memory-pager/index.d.ts'
[10:46:13.477] Adding entry into typings cache: 'merge-descriptors' => '/home/normie/.cache/typescript/4.1/node_modules/@types/merge-descriptors/index.d.ts'
[10:46:13.549] Adding entry into typings cache: 'merge-stream' => '/home/normie/.cache/typescript/4.1/node_modules/@types/merge-stream/index.d.ts'
[10:46:13.573] Adding entry into typings cache: 'merge2' => '/home/normie/.cache/typescript/4.1/node_modules/@types/merge2/index.d.ts'
[10:46:13.614] Adding entry into typings cache: 'mkdirp' => '/home/normie/.cache/typescript/4.1/node_modules/@types/mkdirp/index.d.ts'
[10:46:13.617] Adding entry into typings cache: 'mocha' => '/home/normie/.cache/typescript/4.1/node_modules/@types/mocha/index.d.ts'
[10:46:13.664] Adding entry into typings cache: 'mongodb' => '/home/normie/.cache/typescript/4.1/node_modules/@types/mongodb/index.d.ts'
[10:46:13.711] Adding entry into typings cache: 'mongoose' => '/home/normie/.cache/typescript/4.1/node_modules/@types/mongoose/index.d.ts'
[10:46:13.781] Adding entry into typings cache: 'moo' => '/home/normie/.cache/typescript/4.1/node_modules/@types/moo/index.d.ts'
[10:46:13.785] Adding entry into typings cache: 'morgan' => '/home/normie/.cache/typescript/4.1/node_modules/@types/morgan/index.d.ts'
[10:46:13.788] Adding entry into typings cache: 'mpromise' => '/home/normie/.cache/typescript/4.1/node_modules/@types/mpromise/index.d.ts'
[10:46:13.815] Adding entry into typings cache: 'ms' => '/home/normie/.cache/typescript/4.1/node_modules/@types/ms/index.d.ts'
[10:46:13.901] Adding entry into typings cache: 'multer' => '/home/normie/.cache/typescript/4.1/node_modules/@types/multer/index.d.ts'
[10:46:13.932] Adding entry into typings cache: 'mysql' => '/home/normie/.cache/typescript/4.1/node_modules/@types/mysql/index.d.ts'
[10:46:13.937] Adding entry into typings cache: 'node' => '/home/normie/.cache/typescript/4.1/node_modules/@types/node/index.d.ts'
[10:46:14.044] Adding entry into typings cache: 'nodemon' => '/home/normie/.cache/typescript/4.1/node_modules/@types/nodemon/index.d.ts'
[10:46:14.160] Adding entry into typings cache: 'object-assign' => '/home/normie/.cache/typescript/4.1/node_modules/@types/object-assign/index.d.ts'
[10:46:14.161] Adding entry into typings cache: 'on-finished' => '/home/normie/.cache/typescript/4.1/node_modules/@types/on-finished/index.d.ts'
[10:46:14.162] Adding entry into typings cache: 'on-headers' => '/home/normie/.cache/typescript/4.1/node_modules/@types/on-headers/index.d.ts'
[10:46:14.202] Adding entry into typings cache: 'prettier' => '/home/normie/.cache/typescript/4.1/node_modules/@types/prettier/index.d.ts'
[10:46:14.236] Adding entry into typings cache: 'prop-types' => '/home/normie/.cache/typescript/4.1/node_modules/@types/prop-types/index.d.ts'
[10:46:14.361] Adding entry into typings cache: 'q' => '/home/normie/.cache/typescript/4.1/node_modules/@types/q/index.d.ts'
[10:46:14.407] Adding entry into typings cache: 'qs' => '/home/normie/.cache/typescript/4.1/node_modules/@types/qs/index.d.ts'
[10:46:14.454] Adding entry into typings cache: 'react' => '/home/normie/.cache/typescript/4.1/node_modules/@types/react/index.d.ts'
[10:46:14.499] Adding entry into typings cache: 'react-dom' => '/home/normie/.cache/typescript/4.1/node_modules/@types/react-dom/index.d.ts'
[10:46:14.563] Adding entry into typings cache: 'react-is' => '/home/normie/.cache/typescript/4.1/node_modules/@types/react-is/index.d.ts'
[10:46:14.625] Adding entry into typings cache: 'readable-stream' => '/home/normie/.cache/typescript/4.1/node_modules/@types/readable-stream/index.d.ts'
[10:46:14.674] Adding entry into typings cache: 'regenerator-runtime' => '/home/normie/.cache/typescript/4.1/node_modules/@types/regenerator-runtime/index.d.ts'
[10:46:14.749] Adding entry into typings cache: 'request' => '/home/normie/.cache/typescript/4.1/node_modules/@types/request/index.d.ts'
[10:46:14.775] Adding entry into typings cache: 'resolve' => '/home/normie/.cache/typescript/4.1/node_modules/@types/resolve/index.d.ts'
[10:46:14.874] Adding entry into typings cache: 'sass' => '/home/normie/.cache/typescript/4.1/node_modules/@types/sass/index.d.ts'
[10:46:14.908] Adding entry into typings cache: 'sass-loader' => '/home/normie/.cache/typescript/4.1/node_modules/@types/sass-loader/index.d.ts'
[10:46:14.914] Adding entry into typings cache: 'scheduler' => '/home/normie/.cache/typescript/4.1/node_modules/@types/scheduler/index.d.ts'
[10:46:14.943] Adding entry into typings cache: 'secp256k1' => '/home/normie/.cache/typescript/4.1/node_modules/@types/secp256k1/index.d.ts'
[10:46:15.017] Adding entry into typings cache: 'sequelize' => '/home/normie/.cache/typescript/4.1/node_modules/@types/sequelize/index.d.ts'
[10:46:15.021] Adding entry into typings cache: 'serve-static' => '/home/normie/.cache/typescript/4.1/node_modules/@types/serve-static/index.d.ts'
[10:46:15.024] Adding entry into typings cache: 'sprintf' => '/home/normie/.cache/typescript/4.1/node_modules/@types/sprintf/index.d.ts'
[10:46:15.027] Adding entry into typings cache: 'sprintf-js' => '/home/normie/.cache/typescript/4.1/node_modules/@types/sprintf-js/index.d.ts'
[10:46:15.090] Adding entry into typings cache: 'sqlite3' => '/home/normie/.cache/typescript/4.1/node_modules/@types/sqlite3/index.d.ts'
[10:46:15.097] Adding entry into typings cache: 'type-is' => '/home/normie/.cache/typescript/4.1/node_modules/@types/type-is/index.d.ts'
[10:46:15.171] Adding entry into typings cache: 'ua-parser-js' => '/home/normie/.cache/typescript/4.1/node_modules/@types/ua-parser-js/index.d.ts'
[10:46:15.218] Adding entry into typings cache: 'underscore' => '/home/normie/.cache/typescript/4.1/node_modules/@types/underscore/index.d.ts'
[10:46:15.288] Adding entry into typings cache: 'webpack' => '/home/normie/.cache/typescript/4.1/node_modules/@types/webpack/index.d.ts'
[10:46:15.331] Adding entry into typings cache: 'ws' => '/home/normie/.cache/typescript/4.1/node_modules/@types/ws/index.d.ts'
[10:46:15.331] Finished processing cache location '/home/normie/.cache/typescript/4.1'
[10:46:15.332] Process id: 46042
[10:46:15.332] NPM location: /home/normie/.nvm/versions/node/v10.19.0/bin/npm (explicit '--npmLocation' not  provided)
[10:46:15.333] validateDefaultNpmLocation: false
[10:46:15.333] Npm config file: /home/normie/.cache/typescript/4.1/package.json
[10:46:15.333] Updating types-registry npm package...
[10:46:15.333] Exec: /home/normie/.nvm/versions/node/v10.19.0/bin/npm install --ignore-scripts types-registry@latest
[10:46:21.451]     Succeeded. stdout:
    + types-registry@0.1.525
    updated 1 package and audited 281 packages in 5.508s

4 packages are looking for funding
  run `npm fund` for details

found 0 vulnerabilities


[10:46:21.451] Updated types-registry npm package
[10:46:27.849] Got install request {"projectName":"/dev/null/inferredProject1*","fileNames":["/home/normie/Projects/hooli/reviews-proxy/node_modules/typescript/lib/lib.es5.d.ts","/home/normie/Projects/hooli/reviews-proxy/node_modules/typescript/lib/lib.es2015.d.ts","/home/normie/Projects/hooli/reviews-proxy/node_modules/typescript/lib/lib.es2016.d.ts","/home/normie/Projects/hooli/reviews-proxy/node_modules/typescript/lib/lib.dom.d.ts","/home/normie/Projects/hooli/reviews-proxy/node_modules/typescript/lib/lib.dom.iterable.d.ts","/home/normie/Projects/hooli/reviews-proxy/node_modules/typescript/lib/lib.webworker.importscripts.d.ts","/home/normie/Projects/hooli/reviews-proxy/node_modules/typescript/lib/lib.scripthost.d.ts","/home/normie/Projects/hooli/reviews-proxy/node_modules/typescript/lib/lib.es2015.core.d.ts","/home/normie/Projects/hooli/reviews-proxy/node_modules/typescript/lib/lib.es2015.collection.d.ts","/home/normie/Projects/hooli/reviews-proxy/node_modules/typescript/lib/lib.es2015.generator.d.ts","/home/normie/Projects/hooli/reviews-proxy/node_modules/typescript/lib/lib.es2015.iterable.d.ts","/home/normie/Projects/hooli/reviews-proxy/node_modules/typescript/lib/lib.es2015.promise.d.ts","/home/normie/Projects/hooli/reviews-proxy/node_modules/typescript/lib/lib.es2015.proxy.d.ts","/home/normie/Projects/hooli/reviews-proxy/node_modules/typescript/lib/lib.es2015.reflect.d.ts","/home/normie/Projects/hooli/reviews-proxy/node_modules/typescript/lib/lib.es2015.symbol.d.ts","/home/normie/Projects/hooli/reviews-proxy/node_modules/typescript/lib/lib.es2015.symbol.wellknown.d.ts","/home/normie/Projects/hooli/reviews-proxy/node_modules/typescript/lib/lib.es2016.array.include.d.ts","/home/normie/Projects/hooli/reviews-proxy/node_modules/typescript/lib/lib.es2016.full.d.ts","/home/normie/Projects/hooli/reviews-proxy/server/index.js"],"compilerOptions":{"module":1,"target":3,"jsx":1,"allowJs":true,"allowSyntheticDefaultImports":true,"allowNonTsExtensions":true,"noEmitForJsFiles":true,"maxNodeModuleJsDepth":2},"typeAcquisition":{"enable":true,"include":[],"exclude":[]},"unresolvedImports":[],"projectRootPath":"/home/normie/Projects/hooli/reviews-proxy/server","kind":"discover"}
[10:46:27.853] Loaded safelist from types map file '/home/normie/Projects/hooli/reviews-proxy/node_modules/typescript/lib/typesMap.json'
[10:46:27.854] Explicitly included types: []
[10:46:27.854] Inferred typings from unresolved imports: []
[10:46:27.854] Result: {"cachedTypingPaths":[],"newTypingNames":[],"filesToWatch":["/home/normie/Projects/hooli/reviews-proxy/server/bower_components","/home/normie/Projects/hooli/reviews-proxy/server/node_modules"]}
[10:46:27.854] Finished typings discovery: {"cachedTypingPaths":[],"newTypingNames":[],"filesToWatch":["/home/normie/Projects/hooli/reviews-proxy/server/bower_components","/home/normie/Projects/hooli/reviews-proxy/server/node_modules"]}
[10:46:27.855] DirectoryWatcher:: Added:: WatchInfo: /home/normie/Projects/hooli/reviews-proxy/server/bower_components
[10:46:27.857] DirectoryWatcher:: Added:: WatchInfo: /home/normie/Projects/hooli/reviews-proxy/server/node_modules
[10:46:27.857] Sending response:
    {"projectName":"/dev/null/inferredProject1*","typeAcquisition":{"enable":true,"include":[],"exclude":[]},"compilerOptions":{"module":1,"target":3,"jsx":1,"allowJs":true,"allowSyntheticDefaultImports":true,"allowNonTsExtensions":true,"noEmitForJsFiles":true,"maxNodeModuleJsDepth":2},"typings":[],"unresolvedImports":[],"kind":"action::set"}
[10:46:27.858] Response has been sent.
[10:46:27.858] No new typings were requested as a result of typings discovery
